app/build/intermediates/manifest_merge_blame_file/debug/manifest-merger-blame-debug-report.txt
1<?xml version="1.0" encoding="utf-8"?>
2<manifest xmlns:android="http://schemas.android.com/apk/res/android"
3    package="com.google.mlkit.vision.demo"
4    android:installLocation="auto"
5    android:versionCode="11"
6    android:versionName="1.11" >
7    <!--
8 CameraX libraries require minSdkVersion 21, while this quickstart app
9    supports low to 16. Needs to use overrideLibrary to make the merger tool
10    ignore this conflict and import the libraries while keeping the app's lower
11    minSdkVersion value. In code, will check SDK version, before calling CameraX
12    APIs.
13    -->
14    <uses-sdk
14-->src\main\AndroidManifest.xml:13:5-16:63
15        android:minSdkVersion="26"
15-->src\main\AndroidManifest.xml:13:5-16:63
16        android:targetSdkVersion="29" />
16-->src\main\AndroidManifest.xml:13:5-16:63
17
18    <uses-feature android:name="android.hardware.camera" />
18-->src\main\AndroidManifest.xml:18:5-59
18-->src\main\AndroidManifest.xml:18:19-57
19
20    <uses-permission android:name="android.permission.INTERNET" />
20-->src\main\AndroidManifest.xml:20:5-66
20-->src\main\AndroidManifest.xml:20:22-64
21    <uses-permission android:name="android.permission.WRITE_EXTERNAL_STORAGE" />
21-->src\main\AndroidManifest.xml:21:5-80
21-->src\main\AndroidManifest.xml:21:22-78
22    <uses-permission android:name="android.permission.READ_EXTERNAL_STORAGE" />
22-->src\main\AndroidManifest.xml:22:5-79
22-->src\main\AndroidManifest.xml:22:22-77
23    <uses-permission android:name="android.permission.CAMERA" />
23-->src\main\AndroidManifest.xml:23:5-64
23-->src\main\AndroidManifest.xml:23:22-62
24    <uses-permission android:name="android.permission.ACCESS_NETWORK_STATE" />
24-->[com.google.android.gms:play-services-measurement-api:18.0.2] AndroidManifest.xml:23:5-79
24-->[com.google.android.gms:play-services-measurement-api:18.0.2] AndroidManifest.xml:23:22-76
25    <uses-permission android:name="android.permission.WAKE_LOCK" />
25-->[com.google.android.gms:play-services-measurement-api:18.0.2] AndroidManifest.xml:24:5-68
25-->[com.google.android.gms:play-services-measurement-api:18.0.2] AndroidManifest.xml:24:22-65
26    <uses-permission android:name="com.google.android.finsky.permission.BIND_GET_INSTALL_REFERRER_SERVICE" />
26-->[com.google.android.gms:play-services-measurement:18.0.2] AndroidManifest.xml:26:5-110
26-->[com.google.android.gms:play-services-measurement:18.0.2] AndroidManifest.xml:26:22-107
27
28    <application
28-->src\main\AndroidManifest.xml:25:5-55:19
29        android:name="androidx.multidex.MultiDexApplication"
29-->src\main\AndroidManifest.xml:26:9-61
30        android:appComponentFactory="androidx.core.app.CoreComponentFactory"
30-->[androidx.core:core:1.3.1] AndroidManifest.xml:24:18-86
31        android:debuggable="true"
32        android:extractNativeLibs="false"
33        android:icon="@drawable/logo_mlkit"
33-->src\main\AndroidManifest.xml:27:9-44
34        android:label="@string/app_name"
34-->src\main\AndroidManifest.xml:28:9-41
35        android:testOnly="true"
36        android:theme="@style/Theme.AppCompat" >
36-->src\main\AndroidManifest.xml:29:9-47
37        <meta-data
37-->src\main\AndroidManifest.xml:31:9-33:68
38            android:name="com.google.android.gms.version"
38-->src\main\AndroidManifest.xml:32:13-58
39            android:value="@integer/google_play_services_version" />
39-->src\main\AndroidManifest.xml:33:13-66
40
41        <!--
42          Optional: Add it to automatically download ML model to device after
43          your app is installed.
44        -->
45        <meta-data
45-->src\main\AndroidManifest.xml:37:9-39:51
46            android:name="com.google.mlkit.vision.DEPENDENCIES"
46-->src\main\AndroidManifest.xml:38:13-64
47            android:value="barcode,face,ocr,ica" />
47-->src\main\AndroidManifest.xml:39:13-49
48
49        <activity
49-->src\main\AndroidManifest.xml:41:9-49:20
50            android:name="com.google.mlkit.vision.demo.java.LivePreviewActivity"
50-->src\main\AndroidManifest.xml:42:13-53
51            android:exported="true"
51-->src\main\AndroidManifest.xml:43:13-36
52            android:theme="@style/AppTheme" >
52-->src\main\AndroidManifest.xml:44:13-44
53            <intent-filter>
53-->src\main\AndroidManifest.xml:45:13-48:29
54                <action android:name="android.intent.action.MAIN" />
54-->src\main\AndroidManifest.xml:46:17-68
54-->src\main\AndroidManifest.xml:46:25-66
55
56                <category android:name="android.intent.category.LAUNCHER" />
56-->src\main\AndroidManifest.xml:47:17-76
56-->src\main\AndroidManifest.xml:47:27-74
57            </intent-filter>
58        </activity>
59        <activity
59-->src\main\AndroidManifest.xml:51:9-53:39
60            android:name="com.google.mlkit.vision.demo.preference.SettingsActivity"
60-->src\main\AndroidManifest.xml:52:13-56
61            android:exported="false" />
61-->src\main\AndroidManifest.xml:53:13-37
62
63        <service
63-->[com.google.firebase:firebase-ml-model-interpreter:22.0.4] AndroidManifest.xml:9:9-15:19
64            android:name="com.google.firebase.components.ComponentDiscoveryService"
64-->[com.google.firebase:firebase-ml-model-interpreter:22.0.4] AndroidManifest.xml:10:13-84
65            android:directBootAware="true"
65-->[com.google.firebase:firebase-common:19.3.0] AndroidManifest.xml:34:13-43
66            android:exported="false" >
66-->[com.google.firebase:firebase-ml-model-interpreter:22.0.4] AndroidManifest.xml:11:13-37
67            <meta-data
67-->[com.google.firebase:firebase-ml-model-interpreter:22.0.4] AndroidManifest.xml:12:13-14:85
68                android:name="com.google.firebase.components:com.google.firebase.ml.custom.CustomModelRegistrar"
68-->[com.google.firebase:firebase-ml-model-interpreter:22.0.4] AndroidManifest.xml:13:17-113
69                android:value="com.google.firebase.components.ComponentRegistrar" />
69-->[com.google.firebase:firebase-ml-model-interpreter:22.0.4] AndroidManifest.xml:14:17-82
70            <meta-data
70-->[com.google.firebase:firebase-ml-common:22.1.2] AndroidManifest.xml:11:13-13:85
71                android:name="com.google.firebase.components:com.google.firebase.ml.common.CommonComponentRegistrar"
71-->[com.google.firebase:firebase-ml-common:22.1.2] AndroidManifest.xml:12:17-117
72                android:value="com.google.firebase.components.ComponentRegistrar" />
72-->[com.google.firebase:firebase-ml-common:22.1.2] AndroidManifest.xml:13:17-82
73            <meta-data
73-->[com.google.android.gms:play-services-measurement-api:18.0.2] AndroidManifest.xml:30:13-32:85
74                android:name="com.google.firebase.components:com.google.firebase.analytics.connector.internal.AnalyticsConnectorRegistrar"
74-->[com.google.android.gms:play-services-measurement-api:18.0.2] AndroidManifest.xml:31:17-139
75                android:value="com.google.firebase.components.ComponentRegistrar" />
75-->[com.google.android.gms:play-services-measurement-api:18.0.2] AndroidManifest.xml:32:17-82
76            <meta-data
76-->[com.google.firebase:firebase-installations:16.3.2] AndroidManifest.xml:17:13-19:85
77                android:name="com.google.firebase.components:com.google.firebase.installations.FirebaseInstallationsRegistrar"
77-->[com.google.firebase:firebase-installations:16.3.2] AndroidManifest.xml:18:17-127
78                android:value="com.google.firebase.components.ComponentRegistrar" />
78-->[com.google.firebase:firebase-installations:16.3.2] AndroidManifest.xml:19:17-82
79        </service>
80
81        <provider
81-->[com.google.firebase:firebase-common:19.3.0] AndroidManifest.xml:26:9-30:39
82            android:name="com.google.firebase.provider.FirebaseInitProvider"
82-->[com.google.firebase:firebase-common:19.3.0] AndroidManifest.xml:27:13-77
83            android:authorities="com.google.mlkit.vision.demo.firebaseinitprovider"
83-->[com.google.firebase:firebase-common:19.3.0] AndroidManifest.xml:28:13-72
84            android:exported="false"
84-->[com.google.firebase:firebase-common:19.3.0] AndroidManifest.xml:29:13-37
85            android:initOrder="100" />
85-->[com.google.firebase:firebase-common:19.3.0] AndroidManifest.xml:30:13-36
86
87        <receiver
87-->[com.google.android.gms:play-services-measurement:18.0.2] AndroidManifest.xml:29:9-33:20
88            android:name="com.google.android.gms.measurement.AppMeasurementReceiver"
88-->[com.google.android.gms:play-services-measurement:18.0.2] AndroidManifest.xml:30:13-85
89            android:enabled="true"
89-->[com.google.android.gms:play-services-measurement:18.0.2] AndroidManifest.xml:31:13-35
90            android:exported="false" >
90-->[com.google.android.gms:play-services-measurement:18.0.2] AndroidManifest.xml:32:13-37
91        </receiver>
92
93        <service
93-->[com.google.android.gms:play-services-measurement:18.0.2] AndroidManifest.xml:35:9-38:40
94            android:name="com.google.android.gms.measurement.AppMeasurementService"
94-->[com.google.android.gms:play-services-measurement:18.0.2] AndroidManifest.xml:36:13-84
95            android:enabled="true"
95-->[com.google.android.gms:play-services-measurement:18.0.2] AndroidManifest.xml:37:13-35
96            android:exported="false" />
96-->[com.google.android.gms:play-services-measurement:18.0.2] AndroidManifest.xml:38:13-37
97        <service
97-->[com.google.android.gms:play-services-measurement:18.0.2] AndroidManifest.xml:39:9-43:72
98            android:name="com.google.android.gms.measurement.AppMeasurementJobService"
98-->[com.google.android.gms:play-services-measurement:18.0.2] AndroidManifest.xml:40:13-87
99            android:enabled="true"
99-->[com.google.android.gms:play-services-measurement:18.0.2] AndroidManifest.xml:41:13-35
100            android:exported="false"
100-->[com.google.android.gms:play-services-measurement:18.0.2] AndroidManifest.xml:42:13-37
101            android:permission="android.permission.BIND_JOB_SERVICE" />
101-->[com.google.android.gms:play-services-measurement:18.0.2] AndroidManifest.xml:43:13-69
102        <service
102-->[com.google.android.gms:play-services-mlkit-face-detection:16.1.4] AndroidManifest.xml:9:9-15:19
103            android:name="com.google.mlkit.common.internal.MlKitComponentDiscoveryService"
103-->[com.google.android.gms:play-services-mlkit-face-detection:16.1.4] AndroidManifest.xml:10:13-91
104            android:directBootAware="true"
104-->[com.google.mlkit:common:17.1.1] AndroidManifest.xml:17:13-43
105            android:exported="false" >
105-->[com.google.android.gms:play-services-mlkit-face-detection:16.1.4] AndroidManifest.xml:11:13-37
106            <meta-data
106-->[com.google.android.gms:play-services-mlkit-face-detection:16.1.4] AndroidManifest.xml:12:13-14:85
107                android:name="com.google.firebase.components:com.google.mlkit.vision.face.internal.FaceRegistrar"
107-->[com.google.android.gms:play-services-mlkit-face-detection:16.1.4] AndroidManifest.xml:13:17-114
108                android:value="com.google.firebase.components.ComponentRegistrar" />
108-->[com.google.android.gms:play-services-mlkit-face-detection:16.1.4] AndroidManifest.xml:14:17-82
109            <meta-data
109-->[com.google.mlkit:vision-common:16.3.0] AndroidManifest.xml:12:13-14:85
110                android:name="com.google.firebase.components:com.google.mlkit.vision.common.internal.VisionCommonRegistrar"
110-->[com.google.mlkit:vision-common:16.3.0] AndroidManifest.xml:13:17-124
111                android:value="com.google.firebase.components.ComponentRegistrar" />
111-->[com.google.mlkit:vision-common:16.3.0] AndroidManifest.xml:14:17-82
112            <meta-data
112-->[com.google.mlkit:common:17.1.1] AndroidManifest.xml:20:13-22:85
113                android:name="com.google.firebase.components:com.google.mlkit.common.internal.CommonComponentRegistrar"
113-->[com.google.mlkit:common:17.1.1] AndroidManifest.xml:21:17-120
114                android:value="com.google.firebase.components.ComponentRegistrar" />
114-->[com.google.mlkit:common:17.1.1] AndroidManifest.xml:22:17-82
115        </service>
116
117        <provider
117-->[com.google.mlkit:common:17.1.1] AndroidManifest.xml:9:9-13:38
118            android:name="com.google.mlkit.common.internal.MlKitInitProvider"
118-->[com.google.mlkit:common:17.1.1] AndroidManifest.xml:10:13-78
119            android:authorities="com.google.mlkit.vision.demo.mlkitinitprovider"
119-->[com.google.mlkit:common:17.1.1] AndroidManifest.xml:11:13-69
120            android:exported="false"
120-->[com.google.mlkit:common:17.1.1] AndroidManifest.xml:12:13-37
121            android:initOrder="99" />
121-->[com.google.mlkit:common:17.1.1] AndroidManifest.xml:13:13-35
122
123        <activity
123-->[com.google.android.gms:play-services-base:17.6.0] AndroidManifest.xml:23:9-26:75
124            android:name="com.google.android.gms.common.api.GoogleApiActivity"
124-->[com.google.android.gms:play-services-base:17.6.0] AndroidManifest.xml:24:13-79
125            android:exported="false"
125-->[com.google.android.gms:play-services-base:17.6.0] AndroidManifest.xml:25:13-37
126            android:theme="@android:style/Theme.Translucent.NoTitleBar" />
126-->[com.google.android.gms:play-services-base:17.6.0] AndroidManifest.xml:26:13-72
127
128        <service
128-->[com.google.android.datatransport:transport-backend-cct:2.3.2] AndroidManifest.xml:29:9-35:19
129            android:name="com.google.android.datatransport.runtime.backends.TransportBackendDiscovery"
129-->[com.google.android.datatransport:transport-backend-cct:2.3.2] AndroidManifest.xml:30:13-103
130            android:exported="false" >
130-->[com.google.android.datatransport:transport-backend-cct:2.3.2] AndroidManifest.xml:31:13-37
131            <meta-data
131-->[com.google.android.datatransport:transport-backend-cct:2.3.2] AndroidManifest.xml:32:13-34:39
132                android:name="backend:com.google.android.datatransport.cct.CctBackendFactory"
132-->[com.google.android.datatransport:transport-backend-cct:2.3.2] AndroidManifest.xml:33:17-94
133                android:value="cct" />
133-->[com.google.android.datatransport:transport-backend-cct:2.3.2] AndroidManifest.xml:34:17-36
134        </service>
135        <service
135-->[com.google.android.datatransport:transport-runtime:2.2.5] AndroidManifest.xml:26:9-30:19
136            android:name="com.google.android.datatransport.runtime.scheduling.jobscheduling.JobInfoSchedulerService"
136-->[com.google.android.datatransport:transport-runtime:2.2.5] AndroidManifest.xml:27:13-117
137            android:exported="false"
137-->[com.google.android.datatransport:transport-runtime:2.2.5] AndroidManifest.xml:28:13-37
138            android:permission="android.permission.BIND_JOB_SERVICE" >
138-->[com.google.android.datatransport:transport-runtime:2.2.5] AndroidManifest.xml:29:13-69
139        </service>
140
141        <receiver
141-->[com.google.android.datatransport:transport-runtime:2.2.5] AndroidManifest.xml:32:9-34:40
142            android:name="com.google.android.datatransport.runtime.scheduling.jobscheduling.AlarmManagerSchedulerBroadcastReceiver"
142-->[com.google.android.datatransport:transport-runtime:2.2.5] AndroidManifest.xml:33:13-132
143            android:exported="false" />
143-->[com.google.android.datatransport:transport-runtime:2.2.5] AndroidManifest.xml:34:13-37
144    </application>
145
146</manifest>